<?xml version="1.0" encoding="UTF-8"?>
<testsuite name="Tests" tests="4" skipped="0" failures="0" errors="0" timestamp="2023-10-28T11:49:57" hostname="Joris-MacBook-Air.local" time="0.055">
  <properties/>
  <testcase name="testSolution" classname="Tests" time="0.025"/>
  <testcase name="testSolution2" classname="Tests" time="0.009"/>
  <testcase name="testSolution3" classname="Tests" time="0.007"/>
  <testcase name="testSolution4" classname="Tests" time="0.012"/>
  <system-out><![CDATA[]]></system-out>
  <system-err><![CDATA[]]></system-err>
</testsuite>
