<?xml version="1.0" encoding="UTF-8"?>
<testsuite name="Tests" tests="5" skipped="0" failures="0" errors="0" timestamp="2023-10-22T16:26:06" hostname="Joris-MacBook-Air.local" time="0.014">
  <properties/>
  <testcase name="testSolution" classname="Tests" time="0.01"/>
  <testcase name="testSolution2" classname="Tests" time="0.001"/>
  <testcase name="testSolution3" classname="Tests" time="0.001"/>
  <testcase name="testSolution4" classname="Tests" time="0.0"/>
  <testcase name="testSolution5" classname="Tests" time="0.001"/>
  <system-out><![CDATA[]]></system-out>
  <system-err><![CDATA[]]></system-err>
</testsuite>
