<?xml version="1.0" encoding="UTF-8"?>
<testsuite name="Tests" tests="3" skipped="0" failures="0" errors="0" timestamp="2023-10-27T18:47:28" hostname="Joris-MacBook-Air.local" time="0.019">
  <properties/>
  <testcase name="testSolution" classname="Tests" time="0.014"/>
  <testcase name="testSolution2" classname="Tests" time="0.001"/>
  <testcase name="testSolution3" classname="Tests" time="0.003"/>
  <system-out><![CDATA[]]></system-out>
  <system-err><![CDATA[]]></system-err>
</testsuite>
