<?xml version="1.0" encoding="UTF-8"?>
<testsuite name="Tests" tests="4" skipped="0" failures="0" errors="0" timestamp="2023-11-25T12:18:12" hostname="Joris-MacBook-Air.local" time="0.059">
  <properties/>
  <testcase name="testSolution" classname="Tests" time="0.026"/>
  <testcase name="testSolution2" classname="Tests" time="0.009"/>
  <testcase name="testSolution3" classname="Tests" time="0.019"/>
  <testcase name="testSolution4" classname="Tests" time="0.003"/>
  <system-out><![CDATA[]]></system-out>
  <system-err><![CDATA[]]></system-err>
</testsuite>
