<?xml version="1.0" encoding="UTF-8"?>
<testsuite name="Tests" tests="4" skipped="0" failures="0" errors="0" timestamp="2023-11-25T12:42:41" hostname="Joris-MacBook-Air.local" time="0.042">
  <properties/>
  <testcase name="testSolution" classname="Tests" time="0.022"/>
  <testcase name="testSolution2" classname="Tests" time="0.007"/>
  <testcase name="testSolution3" classname="Tests" time="0.007"/>
  <testcase name="testSolution4" classname="Tests" time="0.006"/>
  <system-out><![CDATA[]]></system-out>
  <system-err><![CDATA[]]></system-err>
</testsuite>
