<?xml version="1.0" encoding="UTF-8"?>
<testsuite name="Tests" tests="3" skipped="0" failures="0" errors="0" timestamp="2023-10-22T12:01:10" hostname="Joris-MacBook-Air.local" time="0.04">
  <properties/>
  <testcase name="testSolution" classname="Tests" time="0.027"/>
  <testcase name="testSolution2" classname="Tests" time="0.009"/>
  <testcase name="testSolution3" classname="Tests" time="0.004"/>
  <system-out><![CDATA[]]></system-out>
  <system-err><![CDATA[]]></system-err>
</testsuite>
