<?xml version="1.0" encoding="UTF-8"?>
<testsuite name="Tests" tests="3" skipped="0" failures="0" errors="0" timestamp="2023-10-22T11:48:06" hostname="Joris-MacBook-Air.local" time="0.045">
  <properties/>
  <testcase name="testSolution" classname="Tests" time="0.026"/>
  <testcase name="testSolution2" classname="Tests" time="0.005"/>
  <testcase name="testSolution3" classname="Tests" time="0.014"/>
  <system-out><![CDATA[]]></system-out>
  <system-err><![CDATA[]]></system-err>
</testsuite>
